0 info it worked if it ends with ok
1 verbose cli [ 'node', '/usr/bin/npm', 'login' ]
2 info using npm@1.3.6
3 info using node@v0.10.33
4 verbose adduser before first PUT { name: 'mkawczynski',
4 verbose adduser   salt: 'XXXXX',
4 verbose adduser   password_sha: 'XXXXX',
4 verbose adduser   email: 'mkawczynski07@gmail.com',
4 verbose adduser   _id: 'org.couchdb.user:mkawczynski',
4 verbose adduser   type: 'user',
4 verbose adduser   roles: [],
4 verbose adduser   date: '2016-03-02T20:54:52.371Z' }
5 verbose url raw /-/user/org.couchdb.user:mkawczynski
6 verbose url resolving [ 'https://registry.npmjs.org/',
6 verbose url resolving   './-/user/org.couchdb.user:mkawczynski' ]
7 verbose url resolved https://registry.npmjs.org/-/user/org.couchdb.user:mkawczynski
8 info trying registry request attempt 1 at 21:54:52
9 http PUT https://registry.npmjs.org/-/user/org.couchdb.user:mkawczynski
10 http 400 https://registry.npmjs.org/-/user/org.couchdb.user:mkawczynski
11 verbose adduser back [ [Error: Unknown error while authenticating : -/user/org.couchdb.user:mkawczynski],
11 verbose adduser   { ok: false, error: 'Unknown error while authenticating' },
11 verbose adduser   '{"ok":false,"error":"Unknown error while authenticating"}' ]
12 error Error: Unknown error while authenticating : -/user/org.couchdb.user:mkawczynski
12 error     at RegClient.<anonymous> (/usr/lib/node_modules/npm-registry-client/lib/request.js:272:14)
12 error     at Request.self.callback (/usr/lib/node_modules/request/index.js:148:22)
12 error     at Request.emit (events.js:98:17)
12 error     at Request.<anonymous> (/usr/lib/node_modules/request/index.js:891:14)
12 error     at Request.emit (events.js:117:20)
12 error     at IncomingMessage.<anonymous> (/usr/lib/node_modules/request/index.js:842:12)
12 error     at IncomingMessage.emit (events.js:117:20)
12 error     at _stream_readable.js:943:16
12 error     at process._tickCallback (node.js:419:13)
13 error If you need help, you may report this log at:
13 error     <http://github.com/isaacs/npm/issues>
13 error or email it to:
13 error     <npm-@googlegroups.com>
14 error System Linux 3.17.8-300.fc21.x86_64
15 error command "node" "/usr/bin/npm" "login"
16 error cwd /home/naza/Projekty/medium-editor-list
17 error node -v v0.10.33
18 error npm -v 1.3.6
19 verbose exit [ 1, true ]
